<?xml version='1.0' encoding='UTF-8'?>
<testsuite hostname="sjparkui-MacBookPro.local" name="example.ListsSuite" tests="6" errors="0" failures="2" skipped="0" time="0.12" timestamp="2023-06-03T17:02:49">
          <properties>
[...]
</properties>
          <testcase classname="example.ListsSuite" name="one plus one is two (0pts)" time="0.038">
                      
                    </testcase><testcase classname="example.ListsSuite" name="one plus one is three (0pts)?" time="0.049">
                      <failure message="munit.FailException: /Users/sjpark/Projects/ScalaProgramming/Part1/Week1/example/src/test/scala/example/ListsSuite.scala:24 assertion failed
23:  test(&quot;one plus one is three (0pts)?&quot;) {
[7m24:    assert(1 + 1 == 3) // This assertion fails! Go ahead and fix it.[0m
25:  }" type="sbt.ForkMain$ForkError">sbt.ForkMain$ForkError: munit.FailException: /Users/sjpark/Projects/ScalaProgramming/Part1/Week1/example/src/test/scala/example/ListsSuite.scala:24 assertion failed
23:  test(&quot;one plus one is three (0pts)?&quot;) {
[7m24:    assert(1 + 1 == 3) // This assertion fails! Go ahead and fix it.[0m
25:  }
	at munit.FunSuite.assert(FunSuite.scala:11)
	at example.ListsSuite.$init$$$anonfun$2(ListsSuite.scala:24)
	at scala.runtime.java8.JFunction0$mcV$sp.apply(JFunction0$mcV$sp.scala:18)
</failure>
                    </testcase><testcase classname="example.ListsSuite" name="details why one plus one is not three (0pts)" time="0.023">
                      <failure message="munit.ComparisonFailException: /Users/sjpark/Projects/ScalaProgramming/Part1/Week1/example/src/test/scala/example/ListsSuite.scala:60
59:  test(&quot;details why one plus one is not three (0pts)&quot;) {
[7m60:    assertEquals(1 + 1, 3) // Fix me, please![0m
61:  }
values are not the same
[1m=&gt; Obtained[0m
2
[1m=&gt; Diff[0m ([91m- obtained[0m, [92m+ expected[0m)
[91m-2[0m
[92m+3[0m" type="sbt.ForkMain$ForkError">sbt.ForkMain$ForkError: munit.ComparisonFailException: /Users/sjpark/Projects/ScalaProgramming/Part1/Week1/example/src/test/scala/example/ListsSuite.scala:60
59:  test(&quot;details why one plus one is not three (0pts)&quot;) {
[7m60:    assertEquals(1 + 1, 3) // Fix me, please![0m
61:  }
values are not the same
[1m=&gt; Obtained[0m
2
[1m=&gt; Diff[0m ([91m- obtained[0m, [92m+ expected[0m)
[91m-2[0m
[92m+3[0m
	at munit.FunSuite.assertEquals(FunSuite.scala:11)
	at example.ListsSuite.$init$$$anonfun$3(ListsSuite.scala:60)
	at scala.runtime.java8.JFunction0$mcV$sp.apply(JFunction0$mcV$sp.scala:18)
</failure>
                    </testcase><testcase classname="example.ListsSuite" name="intNotZero throws an exception if its argument is 0" time="0.0">
                      
                    </testcase><testcase classname="example.ListsSuite" name="sum of a few numbers (10pts)" time="0.008">
                      
                    </testcase><testcase classname="example.ListsSuite" name="max of a few numbers (10pts)" time="0.002">
                      
                    </testcase>
          <system-out><![CDATA[]]></system-out>
          <system-err><![CDATA[]]></system-err>
        </testsuite>