<?xml version='1.0' encoding='UTF-8'?>
<testsuite hostname="sjparkui-MacBookPro.local" name="sdoku.ListsSuite" tests="6" errors="0" failures="1" skipped="0" time="0.042" timestamp="2023-08-26T17:51:09">
          <properties>
[...]
</properties>
          <testcase classname="sdoku.ListsSuite" name="one plus one is two (0pts)" time="0.016">
                      
                    </testcase><testcase classname="sdoku.ListsSuite" name="one plus one is three (0pts)?" time="0.022">
                      <failure message="/Users/sjpark/Projects/sdokuScala/src/test/scala/sdoku/Sdoku.scala:24 assertion failed
23:  test(&quot;one plus one is three (0pts)?&quot;) {
[7m24:    assert(1 + 1 == 3) // This assertion fails! Go ahead and fix it.[0m
25:  }" type="munit.FailException">munit.FailException: /Users/sjpark/Projects/sdokuScala/src/test/scala/sdoku/Sdoku.scala:24 assertion failed
23:  test(&quot;one plus one is three (0pts)?&quot;) {
[7m24:    assert(1 + 1 == 3) // This assertion fails! Go ahead and fix it.[0m
25:  }
	at munit.FunSuite.assert(FunSuite.scala:11)
	at sdoku.ListsSuite.$init$$$anonfun$2(Sdoku.scala:24)
	at scala.runtime.java8.JFunction0$mcV$sp.apply(JFunction0$mcV$sp.scala:18)
</failure>
                    </testcase><testcase classname="sdoku.ListsSuite" name="details why one plus one is not three (0pts)" time="0.001">
                      
                    </testcase><testcase classname="sdoku.ListsSuite" name="intNotZero throws an exception if its argument is 0" time="0.0">
                      
                    </testcase><testcase classname="sdoku.ListsSuite" name="sum of a few numbers (10pts)" time="0.002">
                      
                    </testcase><testcase classname="sdoku.ListsSuite" name="max of a few numbers (10pts)" time="0.001">
                      
                    </testcase>
          <system-out><![CDATA[]]></system-out>
          <system-err><![CDATA[]]></system-err>
        </testsuite>